app/build/intermediates/manifest_merge_blame_file/debug/processDebugMainManifest/manifest-merger-blame-debug-report.txt
1<?xml version="1.0" encoding="utf-8"?>
2<manifest xmlns:android="http://schemas.android.com/apk/res/android"
3    package="com.tacticalbeacon.debug"
4    android:versionCode="1"
5    android:versionName="1.0.0-debug" >
6
7    <uses-sdk
8        android:minSdkVersion="31"
9        android:targetSdkVersion="35" />
10
11    <!-- Location permissions -->
12    <uses-permission android:name="android.permission.ACCESS_FINE_LOCATION" />
12-->src/main/AndroidManifest.xml:6:5-79
12-->src/main/AndroidManifest.xml:6:22-76
13    <uses-permission android:name="android.permission.ACCESS_COARSE_LOCATION" />
13-->src/main/AndroidManifest.xml:7:5-81
13-->src/main/AndroidManifest.xml:7:22-78
14    <uses-permission android:name="android.permission.ACCESS_BACKGROUND_LOCATION" />
14-->src/main/AndroidManifest.xml:8:5-85
14-->src/main/AndroidManifest.xml:8:22-82
15
16    <!-- Vibration -->
17    <uses-permission android:name="android.permission.VIBRATE" />
17-->src/main/AndroidManifest.xml:11:5-66
17-->src/main/AndroidManifest.xml:11:22-63
18
19    <!-- Foreground service for reliable GPS tracking -->
20    <uses-permission android:name="android.permission.FOREGROUND_SERVICE" />
20-->src/main/AndroidManifest.xml:14:5-77
20-->src/main/AndroidManifest.xml:14:22-74
21    <uses-permission android:name="android.permission.FOREGROUND_SERVICE_LOCATION" />
21-->src/main/AndroidManifest.xml:15:5-86
21-->src/main/AndroidManifest.xml:15:22-83
22
23    <!-- Wake lock to keep screen on when requested -->
24    <uses-permission android:name="android.permission.WAKE_LOCK" />
24-->src/main/AndroidManifest.xml:18:5-68
24-->src/main/AndroidManifest.xml:18:22-65
25
26    <!-- Notifications for foreground service -->
27    <uses-permission android:name="android.permission.POST_NOTIFICATIONS" />
27-->src/main/AndroidManifest.xml:21:5-77
27-->src/main/AndroidManifest.xml:21:22-74
28
29    <!-- Internet for online tile loading (optional, app works offline) -->
30    <uses-permission android:name="android.permission.INTERNET" />
30-->src/main/AndroidManifest.xml:24:5-67
30-->src/main/AndroidManifest.xml:24:22-64
31    <uses-permission android:name="android.permission.ACCESS_NETWORK_STATE" />
31-->src/main/AndroidManifest.xml:25:5-79
31-->src/main/AndroidManifest.xml:25:22-76
32
33    <!-- Storage for map tiles and export -->
34    <uses-permission
34-->src/main/AndroidManifest.xml:28:5-29:38
35        android:name="android.permission.READ_EXTERNAL_STORAGE"
35-->src/main/AndroidManifest.xml:28:22-77
36        android:maxSdkVersion="32" />
36-->src/main/AndroidManifest.xml:29:9-35
37    <uses-permission
37-->src/main/AndroidManifest.xml:30:5-31:38
38        android:name="android.permission.WRITE_EXTERNAL_STORAGE"
38-->src/main/AndroidManifest.xml:30:22-78
39        android:maxSdkVersion="29" />
39-->src/main/AndroidManifest.xml:31:9-35
40
41    <!-- File access for Android 13+ -->
42    <uses-permission android:name="android.permission.READ_MEDIA_IMAGES" />
42-->src/main/AndroidManifest.xml:34:5-76
42-->src/main/AndroidManifest.xml:34:22-73
43
44    <uses-feature
44-->src/main/AndroidManifest.xml:36:5-38:35
45        android:name="android.hardware.location.gps"
45-->src/main/AndroidManifest.xml:37:9-53
46        android:required="true" />
46-->src/main/AndroidManifest.xml:38:9-32
47    <uses-feature
47-->src/main/AndroidManifest.xml:39:5-41:36
48        android:name="android.hardware.sensor.compass"
48-->src/main/AndroidManifest.xml:40:9-55
49        android:required="false" />
49-->src/main/AndroidManifest.xml:41:9-33
50    <uses-feature
50-->src/main/AndroidManifest.xml:42:5-44:36
51        android:name="android.hardware.vibrate"
51-->src/main/AndroidManifest.xml:43:9-48
52        android:required="false" />
52-->src/main/AndroidManifest.xml:44:9-33
53
54    <permission
54-->[androidx.core:core:1.13.1] AndroidManifest.xml:22:5-24:47
55        android:name="com.tacticalbeacon.debug.DYNAMIC_RECEIVER_NOT_EXPORTED_PERMISSION"
55-->[androidx.core:core:1.13.1] AndroidManifest.xml:23:9-81
56        android:protectionLevel="signature" />
56-->[androidx.core:core:1.13.1] AndroidManifest.xml:24:9-44
57
58    <uses-permission android:name="com.tacticalbeacon.debug.DYNAMIC_RECEIVER_NOT_EXPORTED_PERMISSION" />
58-->[androidx.core:core:1.13.1] AndroidManifest.xml:26:5-97
58-->[androidx.core:core:1.13.1] AndroidManifest.xml:26:22-94
59
60    <supports-screens
60-->[org.osmdroid:osmdroid-android:6.1.20] AndroidManifest.xml:9:5-12:40
61        android:anyDensity="true"
61-->[org.osmdroid:osmdroid-android:6.1.20] AndroidManifest.xml:10:9-34
62        android:largeScreens="true"
62-->[org.osmdroid:osmdroid-android:6.1.20] AndroidManifest.xml:11:9-36
63        android:normalScreens="true" />
63-->[org.osmdroid:osmdroid-android:6.1.20] AndroidManifest.xml:12:9-37
64
65    <uses-feature
65-->[org.osmdroid:osmdroid-android:6.1.20] AndroidManifest.xml:14:5-16:36
66        android:name="android.hardware.location.network"
66-->[org.osmdroid:osmdroid-android:6.1.20] AndroidManifest.xml:15:9-57
67        android:required="false" />
67-->[org.osmdroid:osmdroid-android:6.1.20] AndroidManifest.xml:16:9-33
68    <uses-feature
68-->[org.osmdroid:osmdroid-android:6.1.20] AndroidManifest.xml:20:5-22:36
69        android:name="android.hardware.telephony"
69-->[org.osmdroid:osmdroid-android:6.1.20] AndroidManifest.xml:21:9-50
70        android:required="false" />
70-->[org.osmdroid:osmdroid-android:6.1.20] AndroidManifest.xml:22:9-33
71    <uses-feature
71-->[org.osmdroid:osmdroid-android:6.1.20] AndroidManifest.xml:23:5-25:36
72        android:name="android.hardware.wifi"
72-->[org.osmdroid:osmdroid-android:6.1.20] AndroidManifest.xml:24:9-45
73        android:required="false" />
73-->[org.osmdroid:osmdroid-android:6.1.20] AndroidManifest.xml:25:9-33
74
75    <application
75-->src/main/AndroidManifest.xml:46:5-87:19
76        android:name="com.tacticalbeacon.TacticalBeaconApp"
76-->src/main/AndroidManifest.xml:47:9-42
77        android:allowBackup="true"
77-->src/main/AndroidManifest.xml:48:9-35
78        android:appComponentFactory="androidx.core.app.CoreComponentFactory"
78-->[androidx.core:core:1.13.1] AndroidManifest.xml:28:18-86
79        android:dataExtractionRules="@xml/data_extraction_rules"
79-->src/main/AndroidManifest.xml:49:9-65
80        android:debuggable="true"
81        android:extractNativeLibs="false"
82        android:fullBackupContent="@xml/backup_rules"
82-->src/main/AndroidManifest.xml:50:9-54
83        android:icon="@mipmap/ic_launcher"
83-->src/main/AndroidManifest.xml:51:9-43
84        android:label="@string/app_name"
84-->src/main/AndroidManifest.xml:52:9-41
85        android:roundIcon="@mipmap/ic_launcher_round"
85-->src/main/AndroidManifest.xml:53:9-54
86        android:supportsRtl="true"
86-->src/main/AndroidManifest.xml:54:9-35
87        android:theme="@style/Theme.TacticalBeacon" >
87-->src/main/AndroidManifest.xml:55:9-52
88        <activity
88-->src/main/AndroidManifest.xml:58:9-68:20
89            android:name="com.tacticalbeacon.MainActivity"
89-->src/main/AndroidManifest.xml:59:13-41
90            android:exported="true"
90-->src/main/AndroidManifest.xml:60:13-36
91            android:screenOrientation="portrait"
91-->src/main/AndroidManifest.xml:61:13-49
92            android:theme="@style/Theme.TacticalBeacon.SplashScreen"
92-->src/main/AndroidManifest.xml:63:13-69
93            android:windowSoftInputMode="adjustResize" >
93-->src/main/AndroidManifest.xml:62:13-55
94            <intent-filter>
94-->src/main/AndroidManifest.xml:64:13-67:29
95                <action android:name="android.intent.action.MAIN" />
95-->src/main/AndroidManifest.xml:65:17-69
95-->src/main/AndroidManifest.xml:65:25-66
96
97                <category android:name="android.intent.category.LAUNCHER" />
97-->src/main/AndroidManifest.xml:66:17-77
97-->src/main/AndroidManifest.xml:66:27-74
98            </intent-filter>
99        </activity>
100
101        <!-- Foreground Location Service -->
102        <service
102-->src/main/AndroidManifest.xml:71:9-74:56
103            android:name="com.tacticalbeacon.location.LocationForegroundService"
103-->src/main/AndroidManifest.xml:72:13-63
104            android:exported="false"
104-->src/main/AndroidManifest.xml:73:13-37
105            android:foregroundServiceType="location" />
105-->src/main/AndroidManifest.xml:74:13-53
106
107        <!-- File provider for sharing exported files -->
108        <provider
109            android:name="androidx.core.content.FileProvider"
109-->src/main/AndroidManifest.xml:78:13-62
110            android:authorities="com.tacticalbeacon.debug.fileprovider"
110-->src/main/AndroidManifest.xml:79:13-64
111            android:exported="false"
111-->src/main/AndroidManifest.xml:80:13-37
112            android:grantUriPermissions="true" >
112-->src/main/AndroidManifest.xml:81:13-47
113            <meta-data
113-->src/main/AndroidManifest.xml:82:13-84:63
114                android:name="android.support.FILE_PROVIDER_PATHS"
114-->src/main/AndroidManifest.xml:83:17-67
115                android:resource="@xml/file_provider_paths" />
115-->src/main/AndroidManifest.xml:84:17-60
116        </provider>
117
118        <activity
118-->[com.google.android.gms:play-services-base:18.5.0] AndroidManifest.xml:5:9-173
119            android:name="com.google.android.gms.common.api.GoogleApiActivity"
119-->[com.google.android.gms:play-services-base:18.5.0] AndroidManifest.xml:5:19-85
120            android:exported="false"
120-->[com.google.android.gms:play-services-base:18.5.0] AndroidManifest.xml:5:146-170
121            android:theme="@android:style/Theme.Translucent.NoTitleBar" />
121-->[com.google.android.gms:play-services-base:18.5.0] AndroidManifest.xml:5:86-145
122
123        <meta-data
123-->[com.google.android.gms:play-services-basement:18.4.0] AndroidManifest.xml:6:9-122
124            android:name="com.google.android.gms.version"
124-->[com.google.android.gms:play-services-basement:18.4.0] AndroidManifest.xml:6:20-65
125            android:value="@integer/google_play_services_version" />
125-->[com.google.android.gms:play-services-basement:18.4.0] AndroidManifest.xml:6:66-119
126
127        <provider
127-->[androidx.emoji2:emoji2:1.3.0] AndroidManifest.xml:24:9-32:20
128            android:name="androidx.startup.InitializationProvider"
128-->[androidx.emoji2:emoji2:1.3.0] AndroidManifest.xml:25:13-67
129            android:authorities="com.tacticalbeacon.debug.androidx-startup"
129-->[androidx.emoji2:emoji2:1.3.0] AndroidManifest.xml:26:13-68
130            android:exported="false" >
130-->[androidx.emoji2:emoji2:1.3.0] AndroidManifest.xml:27:13-37
131            <meta-data
131-->[androidx.emoji2:emoji2:1.3.0] AndroidManifest.xml:29:13-31:52
132                android:name="androidx.emoji2.text.EmojiCompatInitializer"
132-->[androidx.emoji2:emoji2:1.3.0] AndroidManifest.xml:30:17-75
133                android:value="androidx.startup" />
133-->[androidx.emoji2:emoji2:1.3.0] AndroidManifest.xml:31:17-49
134            <meta-data
134-->[androidx.lifecycle:lifecycle-process:2.8.6] AndroidManifest.xml:29:13-31:52
135                android:name="androidx.lifecycle.ProcessLifecycleInitializer"
135-->[androidx.lifecycle:lifecycle-process:2.8.6] AndroidManifest.xml:30:17-78
136                android:value="androidx.startup" />
136-->[androidx.lifecycle:lifecycle-process:2.8.6] AndroidManifest.xml:31:17-49
137            <meta-data
137-->[androidx.profileinstaller:profileinstaller:1.3.1] AndroidManifest.xml:29:13-31:52
138                android:name="androidx.profileinstaller.ProfileInstallerInitializer"
138-->[androidx.profileinstaller:profileinstaller:1.3.1] AndroidManifest.xml:30:17-85
139                android:value="androidx.startup" />
139-->[androidx.profileinstaller:profileinstaller:1.3.1] AndroidManifest.xml:31:17-49
140        </provider>
141
142        <activity
142-->[androidx.compose.ui:ui-test-manifest:1.7.3] AndroidManifest.xml:23:9-25:39
143            android:name="androidx.activity.ComponentActivity"
143-->[androidx.compose.ui:ui-test-manifest:1.7.3] AndroidManifest.xml:24:13-63
144            android:exported="true" />
144-->[androidx.compose.ui:ui-test-manifest:1.7.3] AndroidManifest.xml:25:13-36
145        <activity
145-->[androidx.compose.ui:ui-tooling-android:1.7.3] AndroidManifest.xml:23:9-25:39
146            android:name="androidx.compose.ui.tooling.PreviewActivity"
146-->[androidx.compose.ui:ui-tooling-android:1.7.3] AndroidManifest.xml:24:13-71
147            android:exported="true" />
147-->[androidx.compose.ui:ui-tooling-android:1.7.3] AndroidManifest.xml:25:13-36
148
149        <service
149-->[androidx.room:room-runtime:2.6.1] AndroidManifest.xml:24:9-28:63
150            android:name="androidx.room.MultiInstanceInvalidationService"
150-->[androidx.room:room-runtime:2.6.1] AndroidManifest.xml:25:13-74
151            android:directBootAware="true"
151-->[androidx.room:room-runtime:2.6.1] AndroidManifest.xml:26:13-43
152            android:exported="false" />
152-->[androidx.room:room-runtime:2.6.1] AndroidManifest.xml:27:13-37
153
154        <receiver
154-->[androidx.profileinstaller:profileinstaller:1.3.1] AndroidManifest.xml:34:9-52:20
155            android:name="androidx.profileinstaller.ProfileInstallReceiver"
155-->[androidx.profileinstaller:profileinstaller:1.3.1] AndroidManifest.xml:35:13-76
156            android:directBootAware="false"
156-->[androidx.profileinstaller:profileinstaller:1.3.1] AndroidManifest.xml:36:13-44
157            android:enabled="true"
157-->[androidx.profileinstaller:profileinstaller:1.3.1] AndroidManifest.xml:37:13-35
158            android:exported="true"
158-->[androidx.profileinstaller:profileinstaller:1.3.1] AndroidManifest.xml:38:13-36
159            android:permission="android.permission.DUMP" >
159-->[androidx.profileinstaller:profileinstaller:1.3.1] AndroidManifest.xml:39:13-57
160            <intent-filter>
160-->[androidx.profileinstaller:profileinstaller:1.3.1] AndroidManifest.xml:40:13-42:29
161                <action android:name="androidx.profileinstaller.action.INSTALL_PROFILE" />
161-->[androidx.profileinstaller:profileinstaller:1.3.1] AndroidManifest.xml:41:17-91
161-->[androidx.profileinstaller:profileinstaller:1.3.1] AndroidManifest.xml:41:25-88
162            </intent-filter>
163            <intent-filter>
163-->[androidx.profileinstaller:profileinstaller:1.3.1] AndroidManifest.xml:43:13-45:29
164                <action android:name="androidx.profileinstaller.action.SKIP_FILE" />
164-->[androidx.profileinstaller:profileinstaller:1.3.1] AndroidManifest.xml:44:17-85
164-->[androidx.profileinstaller:profileinstaller:1.3.1] AndroidManifest.xml:44:25-82
165            </intent-filter>
166            <intent-filter>
166-->[androidx.profileinstaller:profileinstaller:1.3.1] AndroidManifest.xml:46:13-48:29
167                <action android:name="androidx.profileinstaller.action.SAVE_PROFILE" />
167-->[androidx.profileinstaller:profileinstaller:1.3.1] AndroidManifest.xml:47:17-88
167-->[androidx.profileinstaller:profileinstaller:1.3.1] AndroidManifest.xml:47:25-85
168            </intent-filter>
169            <intent-filter>
169-->[androidx.profileinstaller:profileinstaller:1.3.1] AndroidManifest.xml:49:13-51:29
170                <action android:name="androidx.profileinstaller.action.BENCHMARK_OPERATION" />
170-->[androidx.profileinstaller:profileinstaller:1.3.1] AndroidManifest.xml:50:17-95
170-->[androidx.profileinstaller:profileinstaller:1.3.1] AndroidManifest.xml:50:25-92
171            </intent-filter>
172        </receiver>
173    </application>
174
175</manifest>